********************************************************************************
DUPLICATOR-LITE PACKAGE-LOG: 2017-09-04 19:03:42
NOTICE: Do NOT post to public sites or forums 
********************************************************************************
VERSION:	1.2.22
WORDPRESS:	4.8.1
PHP INFO:	7.1.4 | SAPI: apache2handler
SERVER:		Apache/2.4.25 (Win32) OpenSSL/1.0.2j PHP/7.1.4 
PHP TIME LIMIT: (0) no time limit imposed 
PHP MAX MEMORY: 2048M (9999M default) 
MEMORY STACK: 2MB 

********************************************************************************
DATABASE:
********************************************************************************
BUILD MODE:   MYSQLDUMP
MYSQLTIMEOUT: 5000
MYSQLDUMP:    Is Supported 
FILTERED: [] 
RESPONSE: Ran from C:/xampp/mysql/bin/mysqldump.exe 
TABLES: total:18 | filtered:0 | create:18 
SQL CREATED: thanhvanspa_upload_to_host_f1e7f8cc79f175536002170904190335_database.sql 
SQL FILE SIZE: 1.26MB (1324126) 
SQL FILE TIME: 2017-09-04 19:03:43 
SQL RUNTIME: 0.84 sec. 

******************************************************************************** 
ARCHIVE (ZIP): 
******************************************************************************** 
ARCHIVE DIR:  E:/demo/thanhvanspa 
ARCHIVE FILE: thanhvanspa_upload_to_host_f1e7f8cc79f175536002170904190335_archive.zip 
FILTERS: *OFF* 
DIRS:
	not set 
FILES:
	not set 
EXTS:  not set 
---------------------------------------- 
COMPRESSING 
SIZE:	98.84MB 
STATS:	Dirs 503 | Files 4,228 
SQL ADDED: thanhvanspa_upload_to_host_f1e7f8cc79f175536002170904190335_database.sql 
ZipArchive Object
(
    [status] => 0
    [statusSys] => 0
    [numFiles] => 4731
    [filename] => E:\demo\thanhvanspa\wp-snapshots\tmp\thanhvanspa_upload_to_host_f1e7f8cc79f175536002170904190335_archive.zip
    [comment] => 
)
 
COMPRESSION RESULT: '1' 
COMPRESSED SIZE: 65.11MB 
ARCHIVE RUNTIME: 11.59 sec. 
MEMORY STACK: 4MB 

******************************************************************************** 
MAKE INSTALLER: 
******************************************************************************** 
Build Start 
Build Finished 
Preping for use 
PACK SIZE:  
Template parsed with new data 
Complete [E:/demo/thanhvanspa/wp-snapshots/tmp/thanhvanspa_upload_to_host_f1e7f8cc79f175536002170904190335_installer.php] 
Added to archive 

******************************************************************************** 
INTEGRITY CHECKS: 
******************************************************************************** 
SQL File: 1.26MB 
Installer File: 434.97KB 
Archive File: 65.11MB  

********************************************************************************
RECORD ID:[4]
TOTAL PROCESS RUNTIME: 12.96 sec.
PEAK PHP MEMORY USED: 4MB
DONE PROCESSING => thanhvanspa_upload_to_host 2017-09-04 19:03:55
 
